0 info it worked if it ends with ok
1 verbose cli [ 'E:\\nodejs\\node.exe',
1 verbose cli   'E:\\nodejs\\node_modules\\npm\\bin\\npm-cli.js',
1 verbose cli   'start' ]
2 info using npm@3.8.6
3 info using node@v6.1.0
4 verbose run-script [ 'prestart', 'start', 'poststart' ]
5 info lifecycle welcome@0.0.0~prestart: welcome@0.0.0
6 silly lifecycle welcome@0.0.0~prestart: no script for prestart, continuing
7 info lifecycle welcome@0.0.0~start: welcome@0.0.0
8 verbose lifecycle welcome@0.0.0~start: unsafe-perm in lifecycle true
9 verbose lifecycle welcome@0.0.0~start: PATH: E:\nodejs\node_modules\npm\bin\node-gyp-bin;E:\js_ex\danke\welcome\node_modules\.bin;E:\nodejs;E:\Python27\;E:\Python27\Scripts;C:\Program Files (x86)\Intel\iCLS Client\;C:\Program Files\Intel\iCLS Client\;C:\Windows\system32;C:\Windows;C:\Windows\System32\Wbem;C:\Windows\System32\WindowsPowerShell\v1.0\;C:\Program Files\Intel\Intel(R) Management Engine Components\DAL;C:\Program Files\Intel\Intel(R) Management Engine Components\IPT;C:\Program Files (x86)\Intel\Intel(R) Management Engine Components\DAL;C:\Program Files (x86)\Intel\Intel(R) Management Engine Components\IPT;E:\Python27\Script\;C:\Users\snow\.dnx\bin;C:\Program Files\Microsoft DNX\Dnvm\;C:\Program Files (x86)\Windows Kits\8.1\Windows Performance Toolkit\;C:\Program Files\TortoiseGit\bin;C:\Program Files\TortoiseSVN\bin;C:\Program Files (x86)\NVIDIA Corporation\PhysX\Common;C:\WINDOWS\system32;C:\WINDOWS;C:\WINDOWS\System32\Wbem;C:\WINDOWS\System32\WindowsPowerShell\v1.0\;E:\matlab\MATLAB Production Server\R2015a\runtime\win64;E:\matlab\MATLAB Production Server\R2015a\bin;E:\matlab\MATLAB Production Server\R2015a\polyspace\bin;E:\nodejs\;C:\Program Files (x86)\MySQL\MySQL Fabric 1.5 & MySQL Utilities 1.5\;C:\Program Files (x86)\MySQL\MySQL Fabric 1.5 & MySQL Utilities 1.5\Doctrine extensions for PHP\;E:\Python35\Scripts\;E:\Python35\;C:\Program Files (x86)\NVIDIA Corporation\PhysX\Common;C:\Program Files (x86)\Intel\iCLS Client\;C:\Program Files\Intel\iCLS Client\;C:\Windows\system32;C:\Windows;C:\Windows\System32\Wbem;C:\Windows\System32\WindowsPowerShell\v1.0\;C:\Program Files\Intel\Intel(R) Management Engine Components\DAL;C:\Program Files\Intel\Intel(R) Management Engine Components\IPT;C:\Program Files (x86)\Intel\Intel(R) Management Engine Components\DAL;C:\Program Files (x86)\Intel\Intel(R) Management Engine Components\IPT;C:\Python27;C:\Users\snow\AppData\Roaming\npm
10 verbose lifecycle welcome@0.0.0~start: CWD: E:\js_ex\danke\welcome
11 silly lifecycle welcome@0.0.0~start: Args: [ '/d /s /c', 'node ./bin/www' ]
12 silly lifecycle welcome@0.0.0~start: Returned: code: 1  signal: null
13 info lifecycle welcome@0.0.0~start: Failed to exec start script
14 verbose stack Error: welcome@0.0.0 start: `node ./bin/www`
14 verbose stack Exit status 1
14 verbose stack     at EventEmitter.<anonymous> (E:\nodejs\node_modules\npm\lib\utils\lifecycle.js:239:16)
14 verbose stack     at emitTwo (events.js:106:13)
14 verbose stack     at EventEmitter.emit (events.js:191:7)
14 verbose stack     at ChildProcess.<anonymous> (E:\nodejs\node_modules\npm\lib\utils\spawn.js:24:14)
14 verbose stack     at emitTwo (events.js:106:13)
14 verbose stack     at ChildProcess.emit (events.js:191:7)
14 verbose stack     at maybeClose (internal/child_process.js:850:16)
14 verbose stack     at Process.ChildProcess._handle.onexit (internal/child_process.js:215:5)
15 verbose pkgid welcome@0.0.0
16 verbose cwd E:\js_ex\danke\welcome
17 error Windows_NT 10.0.10586
18 error argv "E:\\nodejs\\node.exe" "E:\\nodejs\\node_modules\\npm\\bin\\npm-cli.js" "start"
19 error node v6.1.0
20 error npm  v3.8.6
21 error code ELIFECYCLE
22 error welcome@0.0.0 start: `node ./bin/www`
22 error Exit status 1
23 error Failed at the welcome@0.0.0 start script 'node ./bin/www'.
23 error Make sure you have the latest version of node.js and npm installed.
23 error If you do, this is most likely a problem with the welcome package,
23 error not with npm itself.
23 error Tell the author that this fails on your system:
23 error     node ./bin/www
23 error You can get information on how to open an issue for this project with:
23 error     npm bugs welcome
23 error Or if that isn't available, you can get their info via:
23 error     npm owner ls welcome
23 error There is likely additional logging output above.
24 verbose exit [ 1, true ]
